{"/home/fabriciofrontarolli/Desktop/Projects/professional/ifood/spotifood/codebase/src/components/Footer.jsx": {"path":"/home/fabriciofrontarolli/Desktop/Projects/professional/ifood/spotifood/codebase/src/components/Footer.jsx","statementMap":{"0":{"start":{"line":3,"column":15},"end":{"line":13,"column":1}},"1":{"start":{"line":4,"column":2},"end":{"line":12,"column":11}}},"fnMap":{"0":{"name":"(anonymous_0)","decl":{"start":{"line":3,"column":15},"end":{"line":3,"column":16}},"loc":{"start":{"line":4,"column":2},"end":{"line":12,"column":11}},"line":4}},"branchMap":{},"s":{"0":1,"1":1},"f":{"0":1},"b":{},"_coverageSchema":"43e27e138ebf9cfc5966b082cf9a028302ed4184","hash":"04a6a732d4c5632579f3a98c781b00dd07557f71"}
,"/home/fabriciofrontarolli/Desktop/Projects/professional/ifood/spotifood/codebase/src/components/Header.jsx": {"path":"/home/fabriciofrontarolli/Desktop/Projects/professional/ifood/spotifood/codebase/src/components/Header.jsx","statementMap":{"0":{"start":{"line":13,"column":4},"end":{"line":13,"column":17}},"1":{"start":{"line":14,"column":4},"end":{"line":14,"column":55}},"2":{"start":{"line":15,"column":4},"end":{"line":15,"column":63}},"3":{"start":{"line":19,"column":4},"end":{"line":19,"column":35}},"4":{"start":{"line":23,"column":31},"end":{"line":23,"column":41}},"5":{"start":{"line":24,"column":25},"end":{"line":24,"column":102}},"6":{"start":{"line":25,"column":4},"end":{"line":25,"column":24}},"7":{"start":{"line":29,"column":31},"end":{"line":29,"column":41}},"8":{"start":{"line":31,"column":4},"end":{"line":86,"column":6}},"9":{"start":{"line":90,"column":24},"end":{"line":90,"column":68}},"10":{"start":{"line":90,"column":49},"end":{"line":90,"column":67}},"11":{"start":{"line":91,"column":27},"end":{"line":91,"column":93}},"12":{"start":{"line":91,"column":39},"end":{"line":91,"column":93}}},"fnMap":{"0":{"name":"(anonymous_0)","decl":{"start":{"line":12,"column":2},"end":{"line":12,"column":3}},"loc":{"start":{"line":12,"column":21},"end":{"line":16,"column":3}},"line":12},"1":{"name":"(anonymous_1)","decl":{"start":{"line":18,"column":2},"end":{"line":18,"column":3}},"loc":{"start":{"line":18,"column":24},"end":{"line":20,"column":3}},"line":18},"2":{"name":"(anonymous_2)","decl":{"start":{"line":22,"column":2},"end":{"line":22,"column":3}},"loc":{"start":{"line":22,"column":22},"end":{"line":26,"column":3}},"line":22},"3":{"name":"(anonymous_3)","decl":{"start":{"line":28,"column":2},"end":{"line":28,"column":3}},"loc":{"start":{"line":28,"column":11},"end":{"line":87,"column":3}},"line":28},"4":{"name":"(anonymous_4)","decl":{"start":{"line":90,"column":24},"end":{"line":90,"column":25}},"loc":{"start":{"line":90,"column":49},"end":{"line":90,"column":67}},"line":90},"5":{"name":"(anonymous_5)","decl":{"start":{"line":91,"column":27},"end":{"line":91,"column":28}},"loc":{"start":{"line":91,"column":39},"end":{"line":91,"column":93}},"line":91}},"branchMap":{"0":{"loc":{"start":{"line":24,"column":41},"end":{"line":24,"column":100}},"type":"cond-expr","locations":[{"start":{"line":24,"column":63},"end":{"line":24,"column":95}},{"start":{"line":24,"column":98},"end":{"line":24,"column":100}}],"line":24},"1":{"loc":{"start":{"line":53,"column":18},"end":{"line":58,"column":21}},"type":"binary-expr","locations":[{"start":{"line":53,"column":18},"end":{"line":53,"column":49}},{"start":{"line":55,"column":20},"end":{"line":57,"column":25}}],"line":53},"2":{"loc":{"start":{"line":61,"column":18},"end":{"line":71,"column":21}},"type":"binary-expr","locations":[{"start":{"line":61,"column":18},"end":{"line":61,"column":48}},{"start":{"line":63,"column":20},"end":{"line":70,"column":25}}],"line":61},"3":{"loc":{"start":{"line":66,"column":26},"end":{"line":67,"column":117}},"type":"binary-expr","locations":[{"start":{"line":66,"column":26},"end":{"line":66,"column":45}},{"start":{"line":67,"column":29},"end":{"line":67,"column":117}}],"line":66},"4":{"loc":{"start":{"line":74,"column":18},"end":{"line":79,"column":21}},"type":"binary-expr","locations":[{"start":{"line":74,"column":18},"end":{"line":74,"column":48}},{"start":{"line":76,"column":20},"end":{"line":78,"column":25}}],"line":74}},"s":{"0":0,"1":0,"2":0,"3":0,"4":0,"5":0,"6":0,"7":0,"8":0,"9":1,"10":0,"11":1,"12":0},"f":{"0":0,"1":0,"2":0,"3":0,"4":0,"5":0},"b":{"0":[0,0],"1":[0,0],"2":[0,0],"3":[0,0],"4":[0,0]},"_coverageSchema":"43e27e138ebf9cfc5966b082cf9a028302ed4184","hash":"2261fbc39b40bcf2909e2fbaa07064e7086f3d2d"}
,"/home/fabriciofrontarolli/Desktop/Projects/professional/ifood/spotifood/codebase/src/modules/authentication.js": {"path":"/home/fabriciofrontarolli/Desktop/Projects/professional/ifood/spotifood/codebase/src/modules/authentication.js","statementMap":{"0":{"start":{"line":1,"column":30},"end":{"line":1,"column":62}},"1":{"start":{"line":2,"column":31},"end":{"line":2,"column":64}},"2":{"start":{"line":3,"column":36},"end":{"line":3,"column":74}},"3":{"start":{"line":4,"column":21},"end":{"line":4,"column":44}},"4":{"start":{"line":6,"column":22},"end":{"line":10,"column":1}},"5":{"start":{"line":13,"column":22},"end":{"line":20,"column":1}},"6":{"start":{"line":13,"column":28},"end":{"line":20,"column":1}},"7":{"start":{"line":14,"column":2},"end":{"line":19,"column":3}},"8":{"start":{"line":15,"column":4},"end":{"line":15,"column":56}},"9":{"start":{"line":22,"column":29},"end":{"line":32,"column":1}},"10":{"start":{"line":22,"column":44},"end":{"line":32,"column":1}},"11":{"start":{"line":23,"column":2},"end":{"line":31,"column":3}},"12":{"start":{"line":24,"column":4},"end":{"line":27,"column":7}},"13":{"start":{"line":34,"column":34},"end":{"line":43,"column":1}},"14":{"start":{"line":34,"column":40},"end":{"line":43,"column":1}},"15":{"start":{"line":35,"column":2},"end":{"line":42,"column":3}},"16":{"start":{"line":36,"column":28},"end":{"line":36,"column":53}},"17":{"start":{"line":37,"column":28},"end":{"line":37,"column":89}},"18":{"start":{"line":38,"column":4},"end":{"line":38,"column":62}},"19":{"start":{"line":45,"column":23},"end":{"line":52,"column":1}},"20":{"start":{"line":45,"column":29},"end":{"line":52,"column":1}},"21":{"start":{"line":46,"column":2},"end":{"line":51,"column":3}},"22":{"start":{"line":47,"column":4},"end":{"line":47,"column":40}},"23":{"start":{"line":54,"column":21},"end":{"line":56,"column":1}},"24":{"start":{"line":54,"column":27},"end":{"line":56,"column":1}},"25":{"start":{"line":55,"column":2},"end":{"line":55,"column":28}},"26":{"start":{"line":60,"column":17},"end":{"line":60,"column":29}},"27":{"start":{"line":62,"column":2},"end":{"line":88,"column":3}},"28":{"start":{"line":64,"column":6},"end":{"line":68,"column":8}},"29":{"start":{"line":69,"column":6},"end":{"line":69,"column":12}},"30":{"start":{"line":72,"column":6},"end":{"line":72,"column":31}},"31":{"start":{"line":73,"column":6},"end":{"line":73,"column":12}},"32":{"start":{"line":76,"column":6},"end":{"line":79,"column":8}},"33":{"start":{"line":80,"column":6},"end":{"line":80,"column":12}},"34":{"start":{"line":83,"column":6},"end":{"line":83,"column":31}},"35":{"start":{"line":84,"column":6},"end":{"line":84,"column":12}},"36":{"start":{"line":87,"column":6},"end":{"line":87,"column":12}},"37":{"start":{"line":90,"column":2},"end":{"line":90,"column":18}}},"fnMap":{"0":{"name":"(anonymous_0)","decl":{"start":{"line":13,"column":22},"end":{"line":13,"column":23}},"loc":{"start":{"line":13,"column":28},"end":{"line":20,"column":1}},"line":13},"1":{"name":"(anonymous_1)","decl":{"start":{"line":13,"column":28},"end":{"line":13,"column":29}},"loc":{"start":{"line":13,"column":61},"end":{"line":20,"column":1}},"line":13},"2":{"name":"(anonymous_2)","decl":{"start":{"line":22,"column":29},"end":{"line":22,"column":30}},"loc":{"start":{"line":22,"column":44},"end":{"line":32,"column":1}},"line":22},"3":{"name":"(anonymous_3)","decl":{"start":{"line":22,"column":44},"end":{"line":22,"column":45}},"loc":{"start":{"line":22,"column":64},"end":{"line":32,"column":1}},"line":22},"4":{"name":"(anonymous_4)","decl":{"start":{"line":34,"column":34},"end":{"line":34,"column":35}},"loc":{"start":{"line":34,"column":40},"end":{"line":43,"column":1}},"line":34},"5":{"name":"(anonymous_5)","decl":{"start":{"line":34,"column":40},"end":{"line":34,"column":41}},"loc":{"start":{"line":34,"column":80},"end":{"line":43,"column":1}},"line":34},"6":{"name":"(anonymous_6)","decl":{"start":{"line":45,"column":23},"end":{"line":45,"column":24}},"loc":{"start":{"line":45,"column":29},"end":{"line":52,"column":1}},"line":45},"7":{"name":"(anonymous_7)","decl":{"start":{"line":45,"column":29},"end":{"line":45,"column":30}},"loc":{"start":{"line":45,"column":49},"end":{"line":52,"column":1}},"line":45},"8":{"name":"(anonymous_8)","decl":{"start":{"line":54,"column":21},"end":{"line":54,"column":22}},"loc":{"start":{"line":54,"column":27},"end":{"line":56,"column":1}},"line":54},"9":{"name":"(anonymous_9)","decl":{"start":{"line":54,"column":27},"end":{"line":54,"column":28}},"loc":{"start":{"line":54,"column":47},"end":{"line":56,"column":1}},"line":54},"10":{"name":"authenticationReducer","decl":{"start":{"line":59,"column":9},"end":{"line":59,"column":30}},"loc":{"start":{"line":59,"column":62},"end":{"line":91,"column":1}},"line":59}},"branchMap":{"0":{"loc":{"start":{"line":59,"column":31},"end":{"line":59,"column":52}},"type":"default-arg","locations":[{"start":{"line":59,"column":39},"end":{"line":59,"column":52}}],"line":59},"1":{"loc":{"start":{"line":62,"column":2},"end":{"line":88,"column":3}},"type":"switch","locations":[{"start":{"line":63,"column":4},"end":{"line":70,"column":5}},{"start":{"line":71,"column":4},"end":{"line":74,"column":5}},{"start":{"line":75,"column":4},"end":{"line":81,"column":5}},{"start":{"line":82,"column":4},"end":{"line":85,"column":5}},{"start":{"line":86,"column":4},"end":{"line":87,"column":12}}],"line":62}},"s":{"0":1,"1":1,"2":1,"3":1,"4":1,"5":1,"6":0,"7":0,"8":0,"9":1,"10":0,"11":0,"12":0,"13":1,"14":0,"15":0,"16":0,"17":0,"18":0,"19":1,"20":0,"21":0,"22":0,"23":1,"24":0,"25":0,"26":0,"27":0,"28":0,"29":0,"30":0,"31":0,"32":0,"33":0,"34":0,"35":0,"36":0,"37":0},"f":{"0":0,"1":0,"2":0,"3":0,"4":0,"5":0,"6":0,"7":0,"8":0,"9":0,"10":0},"b":{"0":[0],"1":[0,0,0,0,0]},"_coverageSchema":"43e27e138ebf9cfc5966b082cf9a028302ed4184","hash":"7d4939ce433e54691a3fced01800f32366468166"}
,"/home/fabriciofrontarolli/Desktop/Projects/professional/ifood/spotifood/codebase/src/services/Authentication.js": {"path":"/home/fabriciofrontarolli/Desktop/Projects/professional/ifood/spotifood/codebase/src/services/Authentication.js","statementMap":{"0":{"start":{"line":5,"column":4},"end":{"line":5,"column":27}},"1":{"start":{"line":10,"column":21},"end":{"line":10,"column":41}},"2":{"start":{"line":11,"column":4},"end":{"line":11,"column":251}},"3":{"start":{"line":15,"column":21},"end":{"line":19,"column":6}},"4":{"start":{"line":21,"column":28},"end":{"line":21,"column":41}},"5":{"start":{"line":22,"column":4},"end":{"line":22,"column":27}}},"fnMap":{"0":{"name":"(anonymous_0)","decl":{"start":{"line":4,"column":2},"end":{"line":4,"column":3}},"loc":{"start":{"line":4,"column":23},"end":{"line":6,"column":3}},"line":4},"1":{"name":"(anonymous_1)","decl":{"start":{"line":9,"column":2},"end":{"line":9,"column":3}},"loc":{"start":{"line":9,"column":30},"end":{"line":12,"column":3}},"line":9},"2":{"name":"(anonymous_2)","decl":{"start":{"line":14,"column":2},"end":{"line":14,"column":3}},"loc":{"start":{"line":14,"column":40},"end":{"line":23,"column":3}},"line":14}},"branchMap":{"0":{"loc":{"start":{"line":11,"column":140},"end":{"line":11,"column":166}},"type":"binary-expr","locations":[{"start":{"line":11,"column":140},"end":{"line":11,"column":148}},{"start":{"line":11,"column":152},"end":{"line":11,"column":166}}],"line":11}},"s":{"0":1,"1":0,"2":0,"3":1,"4":1,"5":1},"f":{"0":1,"1":0,"2":1},"b":{"0":[0,0]},"_coverageSchema":"43e27e138ebf9cfc5966b082cf9a028302ed4184","hash":"b265714101ed1f0e5b2aa44514ca1694570a01c0"}
,"/home/fabriciofrontarolli/Desktop/Projects/professional/ifood/spotifood/codebase/src/services/Spotify.js": {"path":"/home/fabriciofrontarolli/Desktop/Projects/professional/ifood/spotifood/codebase/src/services/Spotify.js","statementMap":{"0":{"start":{"line":5,"column":4},"end":{"line":5,"column":27}},"1":{"start":{"line":9,"column":21},"end":{"line":9,"column":95}},"2":{"start":{"line":10,"column":24},"end":{"line":10,"column":37}},"3":{"start":{"line":11,"column":4},"end":{"line":11,"column":19}},"4":{"start":{"line":15,"column":20},"end":{"line":15,"column":49}},"5":{"start":{"line":17,"column":21},"end":{"line":21,"column":6}},"6":{"start":{"line":23,"column":26},"end":{"line":23,"column":39}},"7":{"start":{"line":24,"column":4},"end":{"line":24,"column":21}}},"fnMap":{"0":{"name":"(anonymous_0)","decl":{"start":{"line":4,"column":2},"end":{"line":4,"column":3}},"loc":{"start":{"line":4,"column":23},"end":{"line":6,"column":3}},"line":4},"1":{"name":"(anonymous_1)","decl":{"start":{"line":8,"column":2},"end":{"line":8,"column":3}},"loc":{"start":{"line":8,"column":23},"end":{"line":12,"column":3}},"line":8},"2":{"name":"(anonymous_2)","decl":{"start":{"line":14,"column":2},"end":{"line":14,"column":3}},"loc":{"start":{"line":14,"column":53},"end":{"line":25,"column":3}},"line":14}},"branchMap":{"0":{"loc":{"start":{"line":17,"column":99},"end":{"line":17,"column":127}},"type":"cond-expr","locations":[{"start":{"line":17,"column":109},"end":{"line":17,"column":122}},{"start":{"line":17,"column":125},"end":{"line":17,"column":127}}],"line":17}},"s":{"0":1,"1":1,"2":1,"3":1,"4":0,"5":0,"6":0,"7":0},"f":{"0":1,"1":1,"2":0},"b":{"0":[0,0]},"_coverageSchema":"43e27e138ebf9cfc5966b082cf9a028302ed4184","hash":"891a0c4375359e94401237d34e0b97f7ec8bac6b"}
,"/home/fabriciofrontarolli/Desktop/Projects/professional/ifood/spotifood/codebase/src/utils/common.js": {"path":"/home/fabriciofrontarolli/Desktop/Projects/professional/ifood/spotifood/codebase/src/utils/common.js","statementMap":{"0":{"start":{"line":1,"column":33},"end":{"line":1,"column":67}},"1":{"start":{"line":3,"column":45},"end":{"line":7,"column":1}},"2":{"start":{"line":4,"column":26},"end":{"line":4,"column":52}},"3":{"start":{"line":5,"column":22},"end":{"line":5,"column":54}},"4":{"start":{"line":6,"column":2},"end":{"line":6,"column":21}},"5":{"start":{"line":9,"column":27},"end":{"line":9,"column":57}},"6":{"start":{"line":9,"column":33},"end":{"line":9,"column":57}}},"fnMap":{"0":{"name":"(anonymous_0)","decl":{"start":{"line":3,"column":45},"end":{"line":3,"column":46}},"loc":{"start":{"line":3,"column":66},"end":{"line":7,"column":1}},"line":3},"1":{"name":"(anonymous_1)","decl":{"start":{"line":9,"column":27},"end":{"line":9,"column":28}},"loc":{"start":{"line":9,"column":33},"end":{"line":9,"column":57}},"line":9}},"branchMap":{},"s":{"0":1,"1":1,"2":0,"3":0,"4":0,"5":1,"6":0},"f":{"0":0,"1":0},"b":{},"_coverageSchema":"43e27e138ebf9cfc5966b082cf9a028302ed4184","hash":"c492442f7b801d6ad6b869c59a2926ad2f719d90"}
}
