TN:
SF:/home/fabriciofrontarolli/Desktop/Projects/professional/ifood/spotifood/codebase/src/components/Footer.jsx
FN:3,(anonymous_0)
FNF:1
FNH:1
FNDA:1,(anonymous_0)
DA:3,1
DA:4,1
LF:2
LH:2
BRF:0
BRH:0
end_of_record
TN:
SF:/home/fabriciofrontarolli/Desktop/Projects/professional/ifood/spotifood/codebase/src/components/Header.jsx
FN:12,(anonymous_0)
FN:18,(anonymous_1)
FN:22,(anonymous_2)
FN:28,(anonymous_3)
FN:90,(anonymous_4)
FN:91,(anonymous_5)
FNF:6
FNH:0
FNDA:0,(anonymous_0)
FNDA:0,(anonymous_1)
FNDA:0,(anonymous_2)
FNDA:0,(anonymous_3)
FNDA:0,(anonymous_4)
FNDA:0,(anonymous_5)
DA:13,0
DA:14,0
DA:15,0
DA:19,0
DA:23,0
DA:24,0
DA:25,0
DA:29,0
DA:31,0
DA:90,1
DA:91,1
LF:11
LH:2
BRDA:24,0,0,0
BRDA:24,0,1,0
BRDA:53,1,0,0
BRDA:53,1,1,0
BRDA:61,2,0,0
BRDA:61,2,1,0
BRDA:66,3,0,0
BRDA:66,3,1,0
BRDA:74,4,0,0
BRDA:74,4,1,0
BRF:10
BRH:0
end_of_record
TN:
SF:/home/fabriciofrontarolli/Desktop/Projects/professional/ifood/spotifood/codebase/src/modules/authentication.js
FN:13,(anonymous_0)
FN:13,(anonymous_1)
FN:22,(anonymous_2)
FN:22,(anonymous_3)
FN:34,(anonymous_4)
FN:34,(anonymous_5)
FN:45,(anonymous_6)
FN:45,(anonymous_7)
FN:54,(anonymous_8)
FN:54,(anonymous_9)
FN:59,authenticationReducer
FNF:11
FNH:0
FNDA:0,(anonymous_0)
FNDA:0,(anonymous_1)
FNDA:0,(anonymous_2)
FNDA:0,(anonymous_3)
FNDA:0,(anonymous_4)
FNDA:0,(anonymous_5)
FNDA:0,(anonymous_6)
FNDA:0,(anonymous_7)
FNDA:0,(anonymous_8)
FNDA:0,(anonymous_9)
FNDA:0,authenticationReducer
DA:1,1
DA:2,1
DA:3,1
DA:4,1
DA:6,1
DA:13,1
DA:14,0
DA:15,0
DA:22,1
DA:23,0
DA:24,0
DA:34,1
DA:35,0
DA:36,0
DA:37,0
DA:38,0
DA:45,1
DA:46,0
DA:47,0
DA:54,1
DA:55,0
DA:60,0
DA:62,0
DA:64,0
DA:69,0
DA:72,0
DA:73,0
DA:76,0
DA:80,0
DA:83,0
DA:84,0
DA:87,0
DA:90,0
LF:33
LH:10
BRDA:59,0,0,0
BRDA:62,1,0,0
BRDA:62,1,1,0
BRDA:62,1,2,0
BRDA:62,1,3,0
BRDA:62,1,4,0
BRF:6
BRH:0
end_of_record
TN:
SF:/home/fabriciofrontarolli/Desktop/Projects/professional/ifood/spotifood/codebase/src/services/Authentication.js
FN:4,(anonymous_0)
FN:9,(anonymous_1)
FN:14,(anonymous_2)
FNF:3
FNH:2
FNDA:1,(anonymous_0)
FNDA:0,(anonymous_1)
FNDA:1,(anonymous_2)
DA:5,1
DA:10,0
DA:11,0
DA:15,1
DA:21,1
DA:22,1
LF:6
LH:4
BRDA:11,0,0,0
BRDA:11,0,1,0
BRF:2
BRH:0
end_of_record
TN:
SF:/home/fabriciofrontarolli/Desktop/Projects/professional/ifood/spotifood/codebase/src/services/Spotify.js
FN:4,(anonymous_0)
FN:8,(anonymous_1)
FN:14,(anonymous_2)
FNF:3
FNH:2
FNDA:1,(anonymous_0)
FNDA:1,(anonymous_1)
FNDA:0,(anonymous_2)
DA:5,1
DA:9,1
DA:10,1
DA:11,1
DA:15,0
DA:17,0
DA:23,0
DA:24,0
LF:8
LH:4
BRDA:17,0,0,0
BRDA:17,0,1,0
BRF:2
BRH:0
end_of_record
TN:
SF:/home/fabriciofrontarolli/Desktop/Projects/professional/ifood/spotifood/codebase/src/utils/common.js
FN:3,(anonymous_0)
FN:9,(anonymous_1)
FNF:2
FNH:0
FNDA:0,(anonymous_0)
FNDA:0,(anonymous_1)
DA:1,1
DA:3,1
DA:4,0
DA:5,0
DA:6,0
DA:9,1
LF:6
LH:3
BRF:0
BRH:0
end_of_record
